#
# There is insufficient memory for the Java Runtime Environment to continue.
# Native memory allocation (malloc) failed to allocate 1048576 bytes for AllocateHeap
# Possible reasons:
#   The system is out of physical RAM or swap space
#   The process is running with CompressedOops enabled, and the Java Heap may be blocking the growth of the native heap
# Possible solutions:
#   Reduce memory load on the system
#   Increase physical memory or swap space
#   Check if swap backing store is full
#   Decrease Java heap size (-Xmx/-Xms)
#   Decrease number of Java threads
#   Decrease Java thread stack sizes (-Xss)
#   Set larger code cache with -XX:ReservedCodeCacheSize=
#   JVM is running with Unscaled Compressed Oops mode in which the Java heap is
#     placed in the first 4GB address space. The Java Heap base address is the
#     maximum limit for the native heap growth. Please use -XX:HeapBaseMinAddress
#     to set the Java Heap base and to place the Java Heap above 4GB virtual address.
# This output file may be truncated or incomplete.
#
#  Out of Memory Error (memory/allocation.inline.hpp:61), pid=18556, tid=0x0000000000004370
#
# JRE version:  (8.0_291-b10) (build )
# Java VM: Java HotSpot(TM) 64-Bit Server VM (25.291-b10 mixed mode windows-amd64 compressed oops)
# Failed to write core dump. Minidumps are not enabled by default on client versions of Windows
#

---------------  T H R E A D  ---------------

Current thread (0x0000019dec134800):  JavaThread "Unknown thread" [_thread_in_vm, id=17264, stack(0x0000004449c00000,0x0000004449d00000)]

Stack: [0x0000004449c00000,0x0000004449d00000]
Native frames: (J=compiled Java code, j=interpreted, Vv=VM code, C=native code)
V  [jvm.dll+0x32ea19]
V  [jvm.dll+0x275462]
V  [jvm.dll+0x27610d]
V  [jvm.dll+0x26cb45]
V  [jvm.dll+0x509d]
V  [jvm.dll+0x3d2f93]
V  [jvm.dll+0x3d39a8]
V  [jvm.dll+0xfcaff]
V  [jvm.dll+0x209dfb]
V  [jvm.dll+0x238827]
V  [jvm.dll+0x1625b6]
C  [javaw.exe+0x2322]
C  [javaw.exe+0x16544]
C  [KERNEL32.DLL+0x12784]
C  [ntdll.dll+0x50c31]


---------------  P R O C E S S  ---------------

Java Threads: ( => current thread )

Other Threads:

=>0x0000019dec134800 (exited) JavaThread "Unknown thread" [_thread_in_vm, id=17264, stack(0x0000004449c00000,0x0000004449d00000)]

VM state:not at safepoint (normal execution)

VM Mutex/Monitor currently owned by a thread: None

heap address: 0x00000000c1a00000, size: 998 MB, Compressed Oops mode: 32-bit
Narrow klass base: 0x0000000000000000, Narrow klass shift: 3
Compressed class space size: 1073741824 Address: 0x0000000100000000

Heap:
 PSYoungGen      total 18944K, used 327K [0x00000000eb380000, 0x00000000ec880000, 0x0000000100000000)
  eden space 16384K, 2% used [0x00000000eb380000,0x00000000eb3d1ec8,0x00000000ec380000)
  from space 2560K, 0% used [0x00000000ec600000,0x00000000ec600000,0x00000000ec880000)
  to   space 2560K, 0% used [0x00000000ec380000,0x00000000ec380000,0x00000000ec600000)
 ParOldGen       total 44032K, used 0K [0x00000000c1a00000, 0x00000000c4500000, 0x00000000eb380000)
  object space 44032K, 0% used [0x00000000c1a00000,0x00000000c1a00000,0x00000000c4500000)
 Metaspace       used 753K, capacity 4480K, committed 4480K, reserved 1056768K
  class space    used 76K, capacity 384K, committed 384K, reserved 1048576K

Card table byte_map: [0x0000019dfcef0000,0x0000019dfd0f0000] byte_map_base: 0x0000019dfc8e3000

Marking Bits: (ParMarkBitMap*) 0x000000005d227fe0
 Begin Bits: [0x0000019dfd240000, 0x0000019dfe1d8000)
 End Bits:   [0x0000019dfe1d8000, 0x0000019dff170000)

Polling page: 0x0000019dec250000

CodeCache: size=245760Kb used=328Kb max_used=328Kb free=245431Kb
 bounds [0x0000019dedb30000, 0x0000019dedda0000, 0x0000019dfcb30000]
 total_blobs=58 nmethods=0 adapters=38
 compilation: enabled

Compilation events (0 events):
No events

GC Heap History (0 events):
No events

Deoptimization events (0 events):
No events

Classes redefined (0 events):
No events

Internal exceptions (0 events):
No events

Events (10 events):
Event: 0.062 loading class java/lang/Short
Event: 0.062 loading class java/lang/Short done
Event: 0.062 loading class java/lang/Integer
Event: 0.063 loading class java/lang/Integer done
Event: 0.063 loading class java/lang/Long
Event: 0.063 loading class java/lang/Long done
Event: 0.064 loading class java/lang/NullPointerException
Event: 0.064 loading class java/lang/NullPointerException done
Event: 0.064 loading class java/lang/ArithmeticException
Event: 0.064 loading class java/lang/ArithmeticException done


Dynamic libraries:
0x00007ff60f990000 - 0x00007ff60f9d7000 	C:\Program Files\Java\jre1.8.0_291\bin\javaw.exe
0x00007ff947460000 - 0x00007ff94763b000 	C:\Windows\SYSTEM32\ntdll.dll
0x00007ff944c10000 - 0x00007ff944cbe000 	C:\Windows\System32\KERNEL32.DLL
0x00007ff9445a0000 - 0x00007ff9447ea000 	C:\Windows\System32\KERNELBASE.dll
0x00007ff944cc0000 - 0x00007ff944d61000 	C:\Windows\System32\ADVAPI32.dll
0x00007ff946980000 - 0x00007ff946a1d000 	C:\Windows\System32\msvcrt.dll
0x00007ff947260000 - 0x00007ff9472b9000 	C:\Windows\System32\sechost.dll
0x00007ff9463a0000 - 0x00007ff9464c5000 	C:\Windows\System32\RPCRT4.dll
0x00007ff946a20000 - 0x00007ff946b6a000 	C:\Windows\System32\USER32.dll
0x00007ff944460000 - 0x00007ff94447e000 	C:\Windows\System32\win32u.dll
0x00007ff947230000 - 0x00007ff947257000 	C:\Windows\System32\GDI32.dll
0x00007ff943980000 - 0x00007ff943b08000 	C:\Windows\System32\gdi32full.dll
0x00007ff943b10000 - 0x00007ff943baa000 	C:\Windows\System32\msvcp_win.dll
0x00007ff9442b0000 - 0x00007ff9443a6000 	C:\Windows\System32\ucrtbase.dll
0x00007ff9384a0000 - 0x00007ff938707000 	C:\Windows\WinSxS\amd64_microsoft.windows.common-controls_6595b64144ccf1df_6.0.15063.1155_none_40c7922129a7722b\COMCTL32.dll
0x00007ff946530000 - 0x00007ff946829000 	C:\Windows\System32\combase.dll
0x00007ff944480000 - 0x00007ff9444ea000 	C:\Windows\System32\bcryptPrimitives.dll
0x00007ff946dc0000 - 0x00007ff946ded000 	C:\Windows\System32\IMM32.DLL
0x00007ff93a650000 - 0x00007ff93a665000 	C:\Program Files\Java\jre1.8.0_291\bin\vcruntime140.dll
0x00007ff933590000 - 0x00007ff93362b000 	C:\Program Files\Java\jre1.8.0_291\bin\msvcp140.dll
0x000000005ca40000 - 0x000000005d2a0000 	C:\Program Files\Java\jre1.8.0_291\bin\server\jvm.dll
0x00007ff946830000 - 0x00007ff946838000 	C:\Windows\System32\PSAPI.DLL
0x00007ff940bd0000 - 0x00007ff940bf3000 	C:\Windows\SYSTEM32\WINMM.dll
0x00007ff921cd0000 - 0x00007ff921cd9000 	C:\Windows\SYSTEM32\WSOCK32.dll
0x00007ff93c0e0000 - 0x00007ff93c0ea000 	C:\Windows\SYSTEM32\VERSION.dll
0x00007ff946320000 - 0x00007ff94638c000 	C:\Windows\System32\WS2_32.dll
0x00007ff940ba0000 - 0x00007ff940bcb000 	C:\Windows\SYSTEM32\WINMMBASE.dll
0x00007ff944410000 - 0x00007ff944459000 	C:\Windows\System32\cfgmgr32.dll
0x00007ff943960000 - 0x00007ff943971000 	C:\Windows\System32\kernel.appcore.dll
0x00007ff940c30000 - 0x00007ff940c40000 	C:\Program Files\Java\jre1.8.0_291\bin\verify.dll
0x00007ff93a7a0000 - 0x00007ff93a7cb000 	C:\Program Files\Java\jre1.8.0_291\bin\java.dll
0x00007ff940a10000 - 0x00007ff940a28000 	C:\Program Files\Java\jre1.8.0_291\bin\zip.dll
0x00007ff93be00000 - 0x00007ff93bfa9000 	C:\Windows\SYSTEM32\dbghelp.dll

VM Arguments:
jvm_args: -Dfile.encoding=Cp1252 
java_command: IT20123840.DeliveryRequest
java_class_path (initial): C:\Program Files\Java\jre1.8.0_291\lib\resources.jar;C:\Program Files\Java\jre1.8.0_291\lib\rt.jar;C:\Program Files\Java\jre1.8.0_291\lib\jsse.jar;C:\Program Files\Java\jre1.8.0_291\lib\jce.jar;C:\Program Files\Java\jre1.8.0_291\lib\charsets.jar;C:\Program Files\Java\jre1.8.0_291\lib\jfr.jar;C:\Program Files\Java\jre1.8.0_291\lib\ext\access-bridge-64.jar;C:\Program Files\Java\jre1.8.0_291\lib\ext\cldrdata.jar;C:\Program Files\Java\jre1.8.0_291\lib\ext\dnsns.jar;C:\Program Files\Java\jre1.8.0_291\lib\ext\jaccess.jar;C:\Program Files\Java\jre1.8.0_291\lib\ext\jfxrt.jar;C:\Program Files\Java\jre1.8.0_291\lib\ext\localedata.jar;C:\Program Files\Java\jre1.8.0_291\lib\ext\nashorn.jar;C:\Program Files\Java\jre1.8.0_291\lib\ext\sunec.jar;C:\Program Files\Java\jre1.8.0_291\lib\ext\sunjce_provider.jar;C:\Program Files\Java\jre1.8.0_291\lib\ext\sunmscapi.jar;C:\Program Files\Java\jre1.8.0_291\lib\ext\sunpkcs11.jar;C:\Program Files\Java\jre1.8.0_291\lib\ext\zipfs.jar;D:\ITP_Project\ITP_2Year\bin;D:\ITP_Project\ITP_2Year\jgoodies-forms-1.8.0.jar;C:\jdk\mysql-connector-java-8.0.13.jar
Launcher Type: SUN_STANDARD

Environment Variables:
PATH=C:/Program Files/Java/jre1.8.0_291/bin/server;C:/Program Files/Java/jre1.8.0_291/bin;C:/Program Files/Java/jre1.8.0_291/lib/amd64;C:\Program Files (x86)\Common Files\Oracle\Java\javapath;C:\Program Files\Microsoft MPI\Bin\;C:\Windows\system32;C:\Windows;C:\Windows\System32\Wbem;C:\Windows\System32\WindowsPowerShell\v1.0\;C:\Program Files (x86)\Microsoft SQL Server\150\Tools\Binn\;C:\Program Files\Microsoft SQL Server\150\Tools\Binn\;C:\Program Files (x86)\Microsoft SQL Server\150\DTS\Binn\;C:\Program Files\Microsoft SQL Server\150\DTS\Binn\;C:\Program Files\Microsoft SQL Server\Client SDK\ODBC\170\Tools\Binn\;C:\Program Files\dotnet\;C:\Program Files\Java\jdk1.8.0_281\bin;C:\Program Files\Java\jre1.8.0_291\bin;C:\Program Files\Git\cmd;C:\Program Files\MySQL\MySQL Shell 8.0\bin\;C:\Users\RCS\AppData\Local\Microsoft\WindowsApps;C:\Users\RCS\.dotnet\tools;C:\Users\RCS\AppData\Local\GitHubDesktop\bin;C:\Users\RCS\Desktop;
USERNAME=RCS
OS=Windows_NT
PROCESSOR_IDENTIFIER=Intel64 Family 6 Model 58 Stepping 9, GenuineIntel



---------------  S Y S T E M  ---------------

OS: Windows 10.0 , 64 bit Build 15063 (10.0.15063.1058)

CPU:total 4 (initial active 4) (2 cores per cpu, 2 threads per core) family 6 model 58 stepping 9, cmov, cx8, fxsr, mmx, sse, sse2, sse3, ssse3, sse4.1, sse4.2, popcnt, avx, clmul, erms, ht, tsc, tscinvbit, tscinv

Memory: 4k page, physical 4080920k(584152k free), swap 16663832k(3808k free)

vm_info: Java HotSpot(TM) 64-Bit Server VM (25.291-b10) for windows-amd64 JRE (1.8.0_291-b10), built on Apr  9 2021 00:02:00 by "java_re" with MS VC++ 15.9 (VS2017)

time: Tue Sep 21 18:03:19 2021
timezone: Sri Lanka Standard Time
elapsed time: 0.745192 seconds (0d 0h 0m 0s)

