#
# There is insufficient memory for the Java Runtime Environment to continue.
# Native memory allocation (malloc) failed to allocate 32784 bytes for Chunk::new
# Possible reasons:
#   The system is out of physical RAM or swap space
#   The process is running with CompressedOops enabled, and the Java Heap may be blocking the growth of the native heap
# Possible solutions:
#   Reduce memory load on the system
#   Increase physical memory or swap space
#   Check if swap backing store is full
#   Decrease Java heap size (-Xmx/-Xms)
#   Decrease number of Java threads
#   Decrease Java thread stack sizes (-Xss)
#   Set larger code cache with -XX:ReservedCodeCacheSize=
#   JVM is running with Unscaled Compressed Oops mode in which the Java heap is
#     placed in the first 4GB address space. The Java Heap base address is the
#     maximum limit for the native heap growth. Please use -XX:HeapBaseMinAddress
#     to set the Java Heap base and to place the Java Heap above 4GB virtual address.
# This output file may be truncated or incomplete.
#
#  Out of Memory Error (allocation.cpp:389), pid=21540, tid=0x0000000000003f74
#
# JRE version: Java(TM) SE Runtime Environment (8.0_291-b10) (build 1.8.0_291-b10)
# Java VM: Java HotSpot(TM) 64-Bit Server VM (25.291-b10 mixed mode windows-amd64 compressed oops)
# Failed to write core dump. Minidumps are not enabled by default on client versions of Windows
#

---------------  T H R E A D  ---------------

Current thread (0x00000293fc54e000):  JavaThread "C2 CompilerThread1" daemon [_thread_in_native, id=16244, stack(0x000000b0c6100000,0x000000b0c6200000)]

Stack: [0x000000b0c6100000,0x000000b0c6200000]
Native frames: (J=compiled Java code, j=interpreted, Vv=VM code, C=native code)
V  [jvm.dll+0x32ea19]


Current CompileTask:
C2:   1200  437       4       java.lang.String::toLowerCase (439 bytes)


---------------  P R O C E S S  ---------------

Java Threads: ( => current thread )
  0x00000293fd435000 JavaThread "Image Fetcher 0" daemon [_thread_blocked, id=19900, stack(0x000000b0c6900000,0x000000b0c6a00000)]
  0x00000293e83f4800 JavaThread "DestroyJavaVM" [_thread_blocked, id=22020, stack(0x000000b0c5600000,0x000000b0c5700000)]
  0x00000293fd3c4000 JavaThread "AWT-EventQueue-0" [_thread_in_native, id=21140, stack(0x000000b0c6800000,0x000000b0c6900000)]
  0x00000293fd3af000 JavaThread "AWT-Windows" daemon [_thread_in_native, id=13420, stack(0x000000b0c6700000,0x000000b0c6800000)]
  0x00000293fd3a9800 JavaThread "AWT-Shutdown" [_thread_blocked, id=11116, stack(0x000000b0c6600000,0x000000b0c6700000)]
  0x00000293fd3a6800 JavaThread "Java2D Disposer" daemon [_thread_blocked, id=10320, stack(0x000000b0c6500000,0x000000b0c6600000)]
  0x00000293fc5cb800 JavaThread "Service Thread" daemon [_thread_blocked, id=12448, stack(0x000000b0c6300000,0x000000b0c6400000)]
  0x00000293fc5a2000 JavaThread "C1 CompilerThread2" daemon [_thread_blocked, id=16484, stack(0x000000b0c6200000,0x000000b0c6300000)]
=>0x00000293fc54e000 JavaThread "C2 CompilerThread1" daemon [_thread_in_native, id=16244, stack(0x000000b0c6100000,0x000000b0c6200000)]
  0x00000293fc53f800 JavaThread "C2 CompilerThread0" daemon [_thread_blocked, id=11804, stack(0x000000b0c6000000,0x000000b0c6100000)]
  0x00000293fc53b000 JavaThread "Attach Listener" daemon [_thread_blocked, id=15488, stack(0x000000b0c5f00000,0x000000b0c6000000)]
  0x00000293fc543800 JavaThread "Signal Dispatcher" daemon [_thread_blocked, id=520, stack(0x000000b0c5e00000,0x000000b0c5f00000)]
  0x00000293fc526800 JavaThread "Finalizer" daemon [_thread_blocked, id=21800, stack(0x000000b0c5d00000,0x000000b0c5e00000)]
  0x00000293fc505000 JavaThread "Reference Handler" daemon [_thread_blocked, id=13680, stack(0x000000b0c5c00000,0x000000b0c5d00000)]

Other Threads:
  0x00000293fc503800 VMThread [stack: 0x000000b0c5b00000,0x000000b0c5c00000] [id=20540]
  0x00000293fc5ce800 WatcherThread [stack: 0x000000b0c6400000,0x000000b0c6500000] [id=20032]

VM state:not at safepoint (normal execution)

VM Mutex/Monitor currently owned by a thread: None

heap address: 0x00000000c1a00000, size: 998 MB, Compressed Oops mode: 32-bit
Narrow klass base: 0x0000000000000000, Narrow klass shift: 3
Compressed class space size: 1073741824 Address: 0x0000000100000000

Heap:
 PSYoungGen      total 18944K, used 11381K [0x00000000eb380000, 0x00000000ec880000, 0x0000000100000000)
  eden space 16384K, 69% used [0x00000000eb380000,0x00000000ebe9d678,0x00000000ec380000)
  from space 2560K, 0% used [0x00000000ec600000,0x00000000ec600000,0x00000000ec880000)
  to   space 2560K, 0% used [0x00000000ec380000,0x00000000ec380000,0x00000000ec600000)
 ParOldGen       total 44032K, used 0K [0x00000000c1a00000, 0x00000000c4500000, 0x00000000eb380000)
  object space 44032K, 0% used [0x00000000c1a00000,0x00000000c1a00000,0x00000000c4500000)
 Metaspace       used 9821K, capacity 9994K, committed 10112K, reserved 1058816K
  class space    used 1230K, capacity 1323K, committed 1408K, reserved 1048576K

Card table byte_map: [0x00000293f9170000,0x00000293f9370000] byte_map_base: 0x00000293f8b63000

Marking Bits: (ParMarkBitMap*) 0x000000005d227fe0
 Begin Bits: [0x00000293f94c0000, 0x00000293fa458000)
 End Bits:   [0x00000293fa458000, 0x00000293fb3f0000)

Polling page: 0x00000293e83b0000

CodeCache: size=245760Kb used=2020Kb max_used=2032Kb free=243739Kb
 bounds [0x00000293e9db0000, 0x00000293ea020000, 0x00000293f8db0000]
 total_blobs=885 nmethods=436 adapters=362
 compilation: enabled

Compilation events (10 events):
Event: 1.142 Thread 0x00000293fc5a2000 nmethod 432 0x00000293e9fa7210 code [0x00000293e9fa7420, 0x00000293e9fa7fb0]
Event: 1.181 Thread 0x00000293fc54e000  433       4       java.lang.CharacterDataLatin1::toLowerCase (39 bytes)
Event: 1.183 Thread 0x00000293fc54e000 nmethod 433 0x00000293e9fab210 code [0x00000293e9fab340, 0x00000293e9fab418]
Event: 1.187 Thread 0x00000293fc5a2000  434       3       java.lang.CharacterData::of (120 bytes)
Event: 1.187 Thread 0x00000293fc5a2000 nmethod 434 0x00000293e9faa910 code [0x00000293e9faaac0, 0x00000293e9faafd8]
Event: 1.190 Thread 0x00000293fc53f800  435       4       java.lang.String::<init> (82 bytes)
Event: 1.192 Thread 0x00000293fc54e000  436       4       java.lang.CharacterData::of (120 bytes)
Event: 1.193 Thread 0x00000293fc54e000 nmethod 436 0x00000293e9fa9750 code [0x00000293e9fa9960, 0x00000293e9fa9a18]
Event: 1.195 Thread 0x00000293fc54e000  437       4       java.lang.String::toLowerCase (439 bytes)
Event: 1.195 Thread 0x00000293fc53f800 nmethod 435 0x00000293e9faa290 code [0x00000293e9faa3e0, 0x00000293e9faa6d8]

GC Heap History (0 events):
No events

Deoptimization events (1 events):
Event: 1.185 Thread 0x00000293fd3c4000 Uncommon trap: reason=unstable_if action=reinterpret pc=0x00000293e9f91fc0 method=java.lang.CharacterData.of(I)Ljava/lang/CharacterData; @ 4

Classes redefined (0 events):
No events

Internal exceptions (10 events):
Event: 0.335 Thread 0x00000293e83f4800 Exception <a 'java/io/FileNotFoundException'> (0x00000000eb422480) thrown at [C:\jenkins\workspace\8-2-build-windows-amd64-cygwin\jdk8u291\1294\hotspot\src\share\vm\prims\jni.cpp, line 710]
Event: 0.423 Thread 0x00000293e83f4800 Exception <a 'java/lang/NoSuchFieldError': method resolution failed> (0x00000000eb546370) thrown at [C:\jenkins\workspace\8-2-build-windows-amd64-cygwin\jdk8u291\1294\hotspot\src\share\vm\prims\methodHandles.cpp, line 1169]
Event: 0.427 Thread 0x00000293e83f4800 Exception <a 'java/lang/NoSuchFieldError': method resolution failed> (0x00000000eb553740) thrown at [C:\jenkins\workspace\8-2-build-windows-amd64-cygwin\jdk8u291\1294\hotspot\src\share\vm\prims\methodHandles.cpp, line 1169]
Event: 0.585 Thread 0x00000293fd3c4000 Exception <a 'java/io/FileNotFoundException'> (0x00000000eb6c20f0) thrown at [C:\jenkins\workspace\8-2-build-windows-amd64-cygwin\jdk8u291\1294\hotspot\src\share\vm\prims\jni.cpp, line 710]
Event: 1.172 Thread 0x00000293fd3c4000 Exception <a 'java/lang/UnsatisfiedLinkError'> (0x00000000ebd980b8) thrown at [C:\jenkins\workspace\8-2-build-windows-amd64-cygwin\jdk8u291\1294\hotspot\src\share\vm\prims\jvm.cpp, line 4112]
Event: 1.172 Thread 0x00000293fd3c4000 Exception <a 'java/lang/UnsatisfiedLinkError'> (0x00000000ebd980b8) thrown at [C:\jenkins\workspace\8-2-build-windows-amd64-cygwin\jdk8u291\1294\hotspot\src\share\vm\prims\jni.cpp, line 710]
Event: 1.172 Thread 0x00000293fd3c4000 Exception <a 'java/lang/UnsatisfiedLinkError'> (0x00000000ebd980b8) thrown at [C:\jenkins\workspace\8-2-build-windows-amd64-cygwin\jdk8u291\1294\hotspot\src\share\vm\prims\jvm.cpp, line 1527]
Event: 1.172 Thread 0x00000293fd3c4000 Exception <a 'java/lang/UnsatisfiedLinkError'> (0x00000000ebd980b8) thrown at [C:\jenkins\workspace\8-2-build-windows-amd64-cygwin\jdk8u291\1294\hotspot\src\share\vm\oops\instanceKlass.cpp, line 959]
Event: 1.172 Thread 0x00000293fd3c4000 Exception <a 'java/lang/UnsatisfiedLinkError'> (0x00000000ebd980b8) thrown at [C:\jenkins\workspace\8-2-build-windows-amd64-cygwin\jdk8u291\1294\hotspot\src\share\vm\oops\instanceKlass.cpp, line 959]
Event: 1.181 Thread 0x00000293fd3c4000 Exception <a 'java/lang/NoClassDefFoundError': Could not initialize class sun.nio.ch.FileChannelImpl> (0x00000000ebd99f28) thrown at [C:\jenkins\workspace\8-2-build-windows-amd64-cygwin\jdk8u291\1294\hotspot\src\share\vm\oops\instanceKlass.cpp, line 879]

Events (10 events):
Event: 1.182 loading class java/util/concurrent/ConcurrentHashMap$Traverser done
Event: 1.182 loading class java/util/concurrent/ConcurrentHashMap$BaseIterator done
Event: 1.182 loading class java/util/concurrent/ConcurrentHashMap$KeyIterator done
Event: 1.185 Thread 0x00000293fd3c4000 Uncommon trap: trap_request=0xffffff65 fr.pc=0x00000293e9f91fc0
Event: 1.185 Thread 0x00000293fd3c4000 DEOPT PACKING pc=0x00000293e9f91fc0 sp=0x000000b0c68fac80
Event: 1.185 Thread 0x00000293fd3c4000 DEOPT UNPACKING pc=0x00000293e9df5843 sp=0x000000b0c68fac20 mode 2
Event: 1.185 loading class java/lang/CharacterData00
Event: 1.185 loading class java/lang/CharacterData00 done
Event: 1.185 Executing VM operation: Deoptimize
Event: 1.186 Executing VM operation: Deoptimize done


Dynamic libraries:
0x00007ff60f990000 - 0x00007ff60f9d7000 	C:\Program Files\Java\jre1.8.0_291\bin\javaw.exe
0x00007ff947460000 - 0x00007ff94763b000 	C:\Windows\SYSTEM32\ntdll.dll
0x00007ff944c10000 - 0x00007ff944cbe000 	C:\Windows\System32\KERNEL32.DLL
0x00007ff9445a0000 - 0x00007ff9447ea000 	C:\Windows\System32\KERNELBASE.dll
0x00007ff944cc0000 - 0x00007ff944d61000 	C:\Windows\System32\ADVAPI32.dll
0x00007ff946980000 - 0x00007ff946a1d000 	C:\Windows\System32\msvcrt.dll
0x00007ff947260000 - 0x00007ff9472b9000 	C:\Windows\System32\sechost.dll
0x00007ff9463a0000 - 0x00007ff9464c5000 	C:\Windows\System32\RPCRT4.dll
0x00007ff946a20000 - 0x00007ff946b6a000 	C:\Windows\System32\USER32.dll
0x00007ff944460000 - 0x00007ff94447e000 	C:\Windows\System32\win32u.dll
0x00007ff947230000 - 0x00007ff947257000 	C:\Windows\System32\GDI32.dll
0x00007ff943980000 - 0x00007ff943b08000 	C:\Windows\System32\gdi32full.dll
0x00007ff943b10000 - 0x00007ff943baa000 	C:\Windows\System32\msvcp_win.dll
0x00007ff9442b0000 - 0x00007ff9443a6000 	C:\Windows\System32\ucrtbase.dll
0x00007ff9384a0000 - 0x00007ff938707000 	C:\Windows\WinSxS\amd64_microsoft.windows.common-controls_6595b64144ccf1df_6.0.15063.1155_none_40c7922129a7722b\COMCTL32.dll
0x00007ff946530000 - 0x00007ff946829000 	C:\Windows\System32\combase.dll
0x00007ff944480000 - 0x00007ff9444ea000 	C:\Windows\System32\bcryptPrimitives.dll
0x00007ff946dc0000 - 0x00007ff946ded000 	C:\Windows\System32\IMM32.DLL
0x00007ff93a650000 - 0x00007ff93a665000 	C:\Program Files\Java\jre1.8.0_291\bin\vcruntime140.dll
0x00007ff933590000 - 0x00007ff93362b000 	C:\Program Files\Java\jre1.8.0_291\bin\msvcp140.dll
0x000000005ca40000 - 0x000000005d2a0000 	C:\Program Files\Java\jre1.8.0_291\bin\server\jvm.dll
0x00007ff946830000 - 0x00007ff946838000 	C:\Windows\System32\PSAPI.DLL
0x00007ff921cd0000 - 0x00007ff921cd9000 	C:\Windows\SYSTEM32\WSOCK32.dll
0x00007ff946320000 - 0x00007ff94638c000 	C:\Windows\System32\WS2_32.dll
0x00007ff93c0e0000 - 0x00007ff93c0ea000 	C:\Windows\SYSTEM32\VERSION.dll
0x00007ff940bd0000 - 0x00007ff940bf3000 	C:\Windows\SYSTEM32\WINMM.dll
0x00007ff940ba0000 - 0x00007ff940bcb000 	C:\Windows\SYSTEM32\winmmbase.dll
0x00007ff944410000 - 0x00007ff944459000 	C:\Windows\System32\cfgmgr32.dll
0x00007ff943960000 - 0x00007ff943971000 	C:\Windows\System32\kernel.appcore.dll
0x00007ff940c30000 - 0x00007ff940c40000 	C:\Program Files\Java\jre1.8.0_291\bin\verify.dll
0x00007ff93a7a0000 - 0x00007ff93a7cb000 	C:\Program Files\Java\jre1.8.0_291\bin\java.dll
0x00007ff940a10000 - 0x00007ff940a28000 	C:\Program Files\Java\jre1.8.0_291\bin\zip.dll
0x00007ff944d70000 - 0x00007ff9461a8000 	C:\Windows\System32\SHELL32.dll
0x00007ff9468c0000 - 0x00007ff94696a000 	C:\Windows\System32\shcore.dll
0x00007ff943bb0000 - 0x00007ff9442a1000 	C:\Windows\System32\windows.storage.dll
0x00007ff946d60000 - 0x00007ff946db1000 	C:\Windows\System32\shlwapi.dll
0x00007ff9438d0000 - 0x00007ff94391c000 	C:\Windows\System32\powrprof.dll
0x00007ff943920000 - 0x00007ff943935000 	C:\Windows\System32\profapi.dll
0x00007ff90f340000 - 0x00007ff90f4d5000 	C:\Program Files\Java\jre1.8.0_291\bin\awt.dll
0x00007ff9449c0000 - 0x00007ff944a80000 	C:\Windows\System32\OLEAUT32.dll
0x00007ff941f70000 - 0x00007ff941fee000 	C:\Windows\SYSTEM32\apphelp.dll
0x00007ff942100000 - 0x00007ff942195000 	C:\Windows\system32\uxtheme.dll
0x00007ff944aa0000 - 0x00007ff944c06000 	C:\Windows\System32\MSCTF.dll
0x00007ff9409d0000 - 0x00007ff9409fa000 	C:\Windows\system32\dwmapi.dll
0x00007ff946b70000 - 0x00007ff946cb5000 	C:\Windows\System32\ole32.dll
0x00007ff91c740000 - 0x00007ff91c861000 	C:\Windows\system32\opengl32.dll
0x00007ff931970000 - 0x00007ff93199c000 	C:\Windows\SYSTEM32\GLU32.dll
0x00007ff937350000 - 0x00007ff937382000 	C:\Program Files\Java\jre1.8.0_291\bin\jpeg.dll
0x00007ff933540000 - 0x00007ff933589000 	C:\Program Files\Java\jre1.8.0_291\bin\fontmanager.dll
0x00007ff946cc0000 - 0x00007ff946d5e000 	C:\Windows\System32\clbcatq.dll
0x00007ff93fc20000 - 0x00007ff93fdcc000 	C:\Windows\SYSTEM32\WindowsCodecs.dll
0x00007ff932a30000 - 0x00007ff932a77000 	C:\Windows\system32\dataexchange.dll
0x00007ff941120000 - 0x00007ff9413ff000 	C:\Windows\system32\d3d11.dll
0x00007ff941aa0000 - 0x00007ff941bc3000 	C:\Windows\system32\dcomp.dll
0x00007ff942810000 - 0x00007ff9428b4000 	C:\Windows\system32\dxgi.dll
0x00007ff9423e0000 - 0x00007ff942550000 	C:\Windows\system32\twinapi.appcore.dll
0x00007ff943700000 - 0x00007ff943725000 	C:\Windows\system32\bcrypt.dll
0x00007ff93afb0000 - 0x00007ff93b031000 	C:\Windows\System32\TextInputFramework.dll
0x00007ff93f720000 - 0x00007ff93f9f3000 	C:\Windows\System32\CoreUIComponents.dll
0x00007ff9419b0000 - 0x00007ff941a94000 	C:\Windows\System32\CoreMessaging.dll
0x00007ff940010000 - 0x00007ff940149000 	C:\Windows\SYSTEM32\wintypes.dll
0x00007ff942ad0000 - 0x00007ff942b01000 	C:\Windows\SYSTEM32\ntmarta.dll
0x00007ff940570000 - 0x00007ff940585000 	C:\Windows\SYSTEM32\usermgrcli.dll

VM Arguments:
jvm_args: -Dfile.encoding=Cp1252 
java_command: IT20123840.DeliveryRequest
java_class_path (initial): C:\Program Files\Java\jre1.8.0_291\lib\resources.jar;C:\Program Files\Java\jre1.8.0_291\lib\rt.jar;C:\Program Files\Java\jre1.8.0_291\lib\jsse.jar;C:\Program Files\Java\jre1.8.0_291\lib\jce.jar;C:\Program Files\Java\jre1.8.0_291\lib\charsets.jar;C:\Program Files\Java\jre1.8.0_291\lib\jfr.jar;C:\Program Files\Java\jre1.8.0_291\lib\ext\access-bridge-64.jar;C:\Program Files\Java\jre1.8.0_291\lib\ext\cldrdata.jar;C:\Program Files\Java\jre1.8.0_291\lib\ext\dnsns.jar;C:\Program Files\Java\jre1.8.0_291\lib\ext\jaccess.jar;C:\Program Files\Java\jre1.8.0_291\lib\ext\jfxrt.jar;C:\Program Files\Java\jre1.8.0_291\lib\ext\localedata.jar;C:\Program Files\Java\jre1.8.0_291\lib\ext\nashorn.jar;C:\Program Files\Java\jre1.8.0_291\lib\ext\sunec.jar;C:\Program Files\Java\jre1.8.0_291\lib\ext\sunjce_provider.jar;C:\Program Files\Java\jre1.8.0_291\lib\ext\sunmscapi.jar;C:\Program Files\Java\jre1.8.0_291\lib\ext\sunpkcs11.jar;C:\Program Files\Java\jre1.8.0_291\lib\ext\zipfs.jar;D:\ITP_Project\ITP_2Year\bin;D:\ITP_Project\ITP_2Year\jgoodies-forms-1.8.0.jar;C:\jdk\mysql-connector-java-8.0.13.jar
Launcher Type: SUN_STANDARD

Environment Variables:
PATH=C:/Program Files/Java/jre1.8.0_291/bin/server;C:/Program Files/Java/jre1.8.0_291/bin;C:/Program Files/Java/jre1.8.0_291/lib/amd64;C:\Program Files (x86)\Common Files\Oracle\Java\javapath;C:\Program Files\Microsoft MPI\Bin\;C:\Windows\system32;C:\Windows;C:\Windows\System32\Wbem;C:\Windows\System32\WindowsPowerShell\v1.0\;C:\Program Files (x86)\Microsoft SQL Server\150\Tools\Binn\;C:\Program Files\Microsoft SQL Server\150\Tools\Binn\;C:\Program Files (x86)\Microsoft SQL Server\150\DTS\Binn\;C:\Program Files\Microsoft SQL Server\150\DTS\Binn\;C:\Program Files\Microsoft SQL Server\Client SDK\ODBC\170\Tools\Binn\;C:\Program Files\dotnet\;C:\Program Files\Java\jdk1.8.0_281\bin;C:\Program Files\Java\jre1.8.0_291\bin;C:\Program Files\Git\cmd;C:\Program Files\MySQL\MySQL Shell 8.0\bin\;C:\Users\RCS\AppData\Local\Microsoft\WindowsApps;C:\Users\RCS\.dotnet\tools;C:\Users\RCS\AppData\Local\GitHubDesktop\bin;C:\Users\RCS\Desktop;
USERNAME=RCS
OS=Windows_NT
PROCESSOR_IDENTIFIER=Intel64 Family 6 Model 58 Stepping 9, GenuineIntel



---------------  S Y S T E M  ---------------

OS: Windows 10.0 , 64 bit Build 15063 (10.0.15063.1058)

CPU:total 4 (initial active 4) (2 cores per cpu, 2 threads per core) family 6 model 58 stepping 9, cmov, cx8, fxsr, mmx, sse, sse2, sse3, ssse3, sse4.1, sse4.2, popcnt, avx, clmul, erms, ht, tsc, tscinvbit, tscinv

Memory: 4k page, physical 4080920k(557936k free), swap 16663832k(332k free)

vm_info: Java HotSpot(TM) 64-Bit Server VM (25.291-b10) for windows-amd64 JRE (1.8.0_291-b10), built on Apr  9 2021 00:02:00 by "java_re" with MS VC++ 15.9 (VS2017)

time: Tue Sep 21 18:03:28 2021
timezone: Sri Lanka Standard Time
elapsed time: 1.212951 seconds (0d 0h 0m 1s)

